{"uuid":"856f80f2-eda9-4361-bb42-8ff6d2123d89","historyId":"be7fc4fc97f9e15bce70d99dcb4af828","fullName":"tests.ui.rozetkauitests.RozetkaUiTests.preCondition","labels":[{"name":"package","value":"tests.ui.rozetkauitests.RozetkaUiTests"},{"name":"testClass","value":"tests.ui.rozetkauitests.RozetkaUiTests"},{"name":"testMethod","value":"preCondition"},{"name":"parentSuite","value":"Default Suite"},{"name":"suite","value":"finalTask"},{"name":"subSuite","value":"tests.ui.rozetkauitests.RozetkaUiTests"},{"name":"host","value":"MacBook-Pro.local"},{"name":"thread","value":"42442@MacBook-Pro.local.main(1)"},{"name":"framework","value":"testng"},{"name":"language","value":"java"},{"name":"AS_ID","value":"-1"}],"links":[],"name":"preCondition","status":"failed","statusDetails":{"known":false,"muted":false,"flaky":false,"message":"TimeoutException: timeout: Timed out receiving message from renderer: 30.000\nScreenshot: file:/Users/otupikov/Desktop/finalTask/build/reports/tests/1661853512822.0.png\nPage source: file:/Users/otupikov/Desktop/finalTask/build/reports/tests/1661853512822.0.html\nTimeout: 10 s.\nCaused by: TimeoutException: timeout: Timed out receiving message from renderer: 30.000","trace":"TimeoutException: timeout: Timed out receiving message from renderer: 30.000\nScreenshot: file:/Users/otupikov/Desktop/finalTask/build/reports/tests/1661853512822.0.png\nPage source: file:/Users/otupikov/Desktop/finalTask/build/reports/tests/1661853512822.0.html\nTimeout: 10 s.\nCaused by: TimeoutException: timeout: Timed out receiving message from renderer: 30.000\n\tat com.codeborne.selenide.ex.UIAssertionError.wrapToUIAssertionError(UIAssertionError.java:103)\n\tat com.codeborne.selenide.ex.UIAssertionError.wrapThrowable(UIAssertionError.java:86)\n\tat com.codeborne.selenide.ex.UIAssertionError.wrap(UIAssertionError.java:80)\n\tat com.codeborne.selenide.impl.SelenideElementProxy.invoke(SelenideElementProxy.java:91)\n\tat jdk.proxy2/jdk.proxy2.$Proxy17.pressEnter(Unknown Source)\n\tat uitestspages.GoogleSearchPage.pressEnter(GoogleSearchPage.java:23)\n\tat tests.ui.rozetkauitests.RozetkaUiTests.preCondition(RozetkaUiTests.java:18)\n\tat java.base/jdk.internal.reflect.NativeMethodAccessorImpl.invoke0(Native Method)\n\tat java.base/jdk.internal.reflect.NativeMethodAccessorImpl.invoke(NativeMethodAccessorImpl.java:77)\n\tat java.base/jdk.internal.reflect.DelegatingMethodAccessorImpl.invoke(DelegatingMethodAccessorImpl.java:43)\n\tat java.base/java.lang.reflect.Method.invoke(Method.java:568)\n\tat org.testng.internal.invokers.MethodInvocationHelper.invokeMethod(MethodInvocationHelper.java:139)\n\tat org.testng.internal.invokers.MethodInvocationHelper.invokeMethodConsideringTimeout(MethodInvocationHelper.java:69)\n\tat org.testng.internal.invokers.ConfigInvoker.invokeConfigurationMethod(ConfigInvoker.java:361)\n\tat org.testng.internal.invokers.ConfigInvoker.invokeConfigurations(ConfigInvoker.java:296)\n\tat org.testng.internal.invokers.TestInvoker.runConfigMethods(TestInvoker.java:816)\n\tat org.testng.internal.invokers.TestInvoker.invokeMethod(TestInvoker.java:590)\n\tat org.testng.internal.invokers.TestInvoker.invokeTestMethod(TestInvoker.java:221)\n\tat org.testng.internal.invokers.MethodRunner.runInSequence(MethodRunner.java:50)\n\tat org.testng.internal.invokers.TestInvoker$MethodInvocationAgent.invoke(TestInvoker.java:962)\n\tat org.testng.internal.invokers.TestInvoker.invokeTestMethods(TestInvoker.java:194)\n\tat org.testng.internal.invokers.TestMethodWorker.invokeTestMethods(TestMethodWorker.java:148)\n\tat org.testng.internal.invokers.TestMethodWorker.run(TestMethodWorker.java:128)\n\tat java.base/java.util.ArrayList.forEach(ArrayList.java:1511)\n\tat org.testng.TestRunner.privateRun(TestRunner.java:806)\n\tat org.testng.TestRunner.run(TestRunner.java:601)\n\tat org.testng.SuiteRunner.runTest(SuiteRunner.java:433)\n\tat org.testng.SuiteRunner.runSequentially(SuiteRunner.java:427)\n\tat org.testng.SuiteRunner.privateRun(SuiteRunner.java:387)\n\tat org.testng.SuiteRunner.run(SuiteRunner.java:330)\n\tat org.testng.SuiteRunnerWorker.runSuite(SuiteRunnerWorker.java:52)\n\tat org.testng.SuiteRunnerWorker.run(SuiteRunnerWorker.java:95)\n\tat org.testng.TestNG.runSuitesSequentially(TestNG.java:1256)\n\tat org.testng.TestNG.runSuitesLocally(TestNG.java:1176)\n\tat org.testng.TestNG.runSuites(TestNG.java:1099)\n\tat org.testng.TestNG.run(TestNG.java:1067)\n\tat com.intellij.rt.testng.IDEARemoteTestNG.run(IDEARemoteTestNG.java:66)\n\tat com.intellij.rt.testng.RemoteTestNGStarter.main(RemoteTestNGStarter.java:109)\nCaused by: org.openqa.selenium.TimeoutException: timeout: Timed out receiving message from renderer: 30.000\n  (Session info: chrome=104.0.5112.101)\nBuild info: version: '4.4.0', revision: 'e5c75ed026a'\nSystem info: host: 'MacBook-Pro.local', ip: 'fe80:0:0:0:4fb:bd20:e370:21b3%en0', os.name: 'Mac OS X', os.arch: 'x86_64', os.version: '12.1', java.version: '17.0.1'\nDriver info: org.openqa.selenium.chrome.ChromeDriver\nCommand: [35476548b905e512cd7f43ed5d4af68c, sendKeysToElement {id=9a4f04db-46d5-44e2-af88-3115e211c316, value=[Ljava.lang.CharSequence;@7f1ef916}]\nCapabilities {acceptInsecureCerts: true, browserName: chrome, browserVersion: 104.0.5112.101, chrome: {chromedriverVersion: 104.0.5112.79 (3cf3e8c8a07d..., userDataDir: /var/folders/0b/yl1xgjys6_x...}, goog:chromeOptions: {debuggerAddress: localhost:49272}, networkConnectionEnabled: false, pageLoadStrategy: normal, platformName: MAC, proxy: Proxy(), se:cdp: ws://localhost:49272/devtoo..., se:cdpVersion: 104.0.5112.101, setWindowRect: true, strictFileInteractability: false, timeouts: {implicit: 0, pageLoad: 300000, script: 30000}, unhandledPromptBehavior: accept, webauthn:extension:credBlob: true, webauthn:extension:largeBlob: true, webauthn:virtualAuthenticators: true}\nElement: [[ChromeDriver: chrome on MAC (35476548b905e512cd7f43ed5d4af68c)] -> xpath: //input[@class='gLFyf gsfi']]\nSession ID: 35476548b905e512cd7f43ed5d4af68c\n\tat java.base/jdk.internal.reflect.NativeConstructorAccessorImpl.newInstance0(Native Method)\n\tat java.base/jdk.internal.reflect.NativeConstructorAccessorImpl.newInstance(NativeConstructorAccessorImpl.java:77)\n\tat java.base/jdk.internal.reflect.DelegatingConstructorAccessorImpl.newInstance(DelegatingConstructorAccessorImpl.java:45)\n\tat java.base/java.lang.reflect.Constructor.newInstanceWithCaller(Constructor.java:499)\n\tat java.base/java.lang.reflect.Constructor.newInstance(Constructor.java:480)\n\tat org.openqa.selenium.remote.codec.w3c.W3CHttpResponseCodec.createException(W3CHttpResponseCodec.java:200)\n\tat org.openqa.selenium.remote.codec.w3c.W3CHttpResponseCodec.decode(W3CHttpResponseCodec.java:133)\n\tat org.openqa.selenium.remote.codec.w3c.W3CHttpResponseCodec.decode(W3CHttpResponseCodec.java:53)\n\tat org.openqa.selenium.remote.HttpCommandExecutor.execute(HttpCommandExecutor.java:184)\n\tat org.openqa.selenium.remote.service.DriverCommandExecutor.invokeExecute(DriverCommandExecutor.java:167)\n\tat org.openqa.selenium.remote.service.DriverCommandExecutor.execute(DriverCommandExecutor.java:142)\n\tat org.openqa.selenium.remote.RemoteWebDriver.execute(RemoteWebDriver.java:547)\n\tat org.openqa.selenium.remote.RemoteWebElement.execute(RemoteWebElement.java:257)\n\tat org.openqa.selenium.remote.RemoteWebElement.sendKeys(RemoteWebElement.java:113)\n\tat com.codeborne.selenide.commands.PressEnter.execute(PressEnter.java:17)\n\tat com.codeborne.selenide.commands.PressEnter.execute(PressEnter.java:12)\n\tat com.codeborne.selenide.commands.Commands.execute(Commands.java:155)\n\tat com.codeborne.selenide.impl.SelenideElementProxy.dispatchAndRetry(SelenideElementProxy.java:129)\n\tat com.codeborne.selenide.impl.SelenideElementProxy.invoke(SelenideElementProxy.java:81)\n\t... 34 more\n"},"stage":"finished","steps":[],"attachments":[],"parameters":[],"start":1661853513738,"stop":1661853513741}